<?xml version="1.0" encoding="UTF-8" standalone="yes"?><!DOCTYPE report PUBLIC "-//JACOCO//DTD Report 1.1//EN" "report.dtd"><report name="ProductCRUD-2"><sessioninfo id="ITEM-S099902-354b25d8" start="1622295701381" dump="1622295711567"/><package name="com/example/SwaggerConfig"><class name="com/example/SwaggerConfig/SwaggerConfig" sourcefilename="SwaggerConfig.java"><method name="&lt;init&gt;" desc="()V" line="15"><counter type="INSTRUCTION" missed="0" covered="3"/><counter type="LINE" missed="0" covered="1"/><counter type="COMPLEXITY" missed="0" covered="1"/><counter type="METHOD" missed="0" covered="1"/></method><method name="api" desc="()Lspringfox/documentation/spring/web/plugins/Docket;" line="19"><counter type="INSTRUCTION" missed="0" covered="14"/><counter type="LINE" missed="0" covered="2"/><counter type="COMPLEXITY" missed="0" covered="1"/><counter type="METHOD" missed="0" covered="1"/></method><method name="apiInfo" desc="()Lspringfox/documentation/service/ApiInfo;" line="25"><counter type="INSTRUCTION" missed="0" covered="11"/><counter type="LINE" missed="0" covered="2"/><counter type="COMPLEXITY" missed="0" covered="1"/><counter type="METHOD" missed="0" covered="1"/></method><counter type="INSTRUCTION" missed="0" covered="28"/><counter type="LINE" missed="0" covered="5"/><counter type="COMPLEXITY" missed="0" covered="3"/><counter type="METHOD" missed="0" covered="3"/><counter type="CLASS" missed="0" covered="1"/></class><sourcefile name="SwaggerConfig.java"><line nr="15" mi="0" ci="3" mb="0" cb="0"/><line nr="19" mi="0" ci="11" mb="0" cb="0"/><line nr="20" mi="0" ci="3" mb="0" cb="0"/><line nr="25" mi="0" ci="7" mb="0" cb="0"/><line nr="26" mi="0" ci="4" mb="0" cb="0"/><counter type="INSTRUCTION" missed="0" covered="28"/><counter type="LINE" missed="0" covered="5"/><counter type="COMPLEXITY" missed="0" covered="3"/><counter type="METHOD" missed="0" covered="3"/><counter type="CLASS" missed="0" covered="1"/></sourcefile><counter type="INSTRUCTION" missed="0" covered="28"/><counter type="LINE" missed="0" covered="5"/><counter type="COMPLEXITY" missed="0" covered="3"/><counter type="METHOD" missed="0" covered="3"/><counter type="CLASS" missed="0" covered="1"/></package><package name="com/example"><class name="com/example/ProductCrud1Application" sourcefilename="ProductCrud1Application.java"><method name="&lt;init&gt;" desc="()V" line="10"><counter type="INSTRUCTION" missed="0" covered="3"/><counter type="LINE" missed="0" covered="1"/><counter type="COMPLEXITY" missed="0" covered="1"/><counter type="METHOD" missed="0" covered="1"/></method><method name="main" desc="([Ljava/lang/String;)V" line="14"><counter type="INSTRUCTION" missed="5" covered="0"/><counter type="LINE" missed="2" covered="0"/><counter type="COMPLEXITY" missed="1" covered="0"/><counter type="METHOD" missed="1" covered="0"/></method><method name="configure" desc="(Lorg/springframework/boot/builder/SpringApplicationBuilder;)Lorg/springframework/boot/builder/SpringApplicationBuilder;" line="20"><counter type="INSTRUCTION" missed="9" covered="0"/><counter type="LINE" missed="1" covered="0"/><counter type="COMPLEXITY" missed="1" covered="0"/><counter type="METHOD" missed="1" covered="0"/></method><counter type="INSTRUCTION" missed="14" covered="3"/><counter type="LINE" missed="3" covered="1"/><counter type="COMPLEXITY" missed="2" covered="1"/><counter type="METHOD" missed="2" covered="1"/><counter type="CLASS" missed="0" covered="1"/></class><sourcefile name="ProductCrud1Application.java"><line nr="10" mi="0" ci="3" mb="0" cb="0"/><line nr="14" mi="4" ci="0" mb="0" cb="0"/><line nr="15" mi="1" ci="0" mb="0" cb="0"/><line nr="20" mi="9" ci="0" mb="0" cb="0"/><counter type="INSTRUCTION" missed="14" covered="3"/><counter type="LINE" missed="3" covered="1"/><counter type="COMPLEXITY" missed="2" covered="1"/><counter type="METHOD" missed="2" covered="1"/><counter type="CLASS" missed="0" covered="1"/></sourcefile><counter type="INSTRUCTION" missed="14" covered="3"/><counter type="LINE" missed="3" covered="1"/><counter type="COMPLEXITY" missed="2" covered="1"/><counter type="METHOD" missed="2" covered="1"/><counter type="CLASS" missed="0" covered="1"/></package><package name="com/example/Controller"><class name="com/example/Controller/ProductController" sourcefilename="ProductController.java"><method name="&lt;init&gt;" desc="()V" line="20"><counter type="INSTRUCTION" missed="0" covered="3"/><counter type="LINE" missed="0" covered="1"/><counter type="COMPLEXITY" missed="0" covered="1"/><counter type="METHOD" missed="0" covered="1"/></method><method name="addProduct" desc="(Lcom/example/Entity/Product;)Lcom/example/Entity/Product;" line="28"><counter type="INSTRUCTION" missed="0" covered="5"/><counter type="LINE" missed="0" covered="1"/><counter type="COMPLEXITY" missed="0" covered="1"/><counter type="METHOD" missed="0" covered="1"/></method><method name="addProducts" desc="(Ljava/util/List;)Ljava/util/List;" line="34"><counter type="INSTRUCTION" missed="0" covered="5"/><counter type="LINE" missed="0" covered="1"/><counter type="COMPLEXITY" missed="0" covered="1"/><counter type="METHOD" missed="0" covered="1"/></method><method name="getProductById" desc="(I)Lcom/example/Entity/Product;" line="40"><counter type="INSTRUCTION" missed="0" covered="5"/><counter type="LINE" missed="0" covered="1"/><counter type="COMPLEXITY" missed="0" covered="1"/><counter type="METHOD" missed="0" covered="1"/></method><method name="getProductByName" desc="(Ljava/lang/String;)Lcom/example/Entity/Product;" line="46"><counter type="INSTRUCTION" missed="0" covered="5"/><counter type="LINE" missed="0" covered="1"/><counter type="COMPLEXITY" missed="0" covered="1"/><counter type="METHOD" missed="0" covered="1"/></method><method name="getProducts" desc="()Ljava/util/List;" line="52"><counter type="INSTRUCTION" missed="0" covered="4"/><counter type="LINE" missed="0" covered="1"/><counter type="COMPLEXITY" missed="0" covered="1"/><counter type="METHOD" missed="0" covered="1"/></method><method name="deleteProduct" desc="(I)Ljava/lang/String;" line="58"><counter type="INSTRUCTION" missed="0" covered="5"/><counter type="LINE" missed="0" covered="1"/><counter type="COMPLEXITY" missed="0" covered="1"/><counter type="METHOD" missed="0" covered="1"/></method><method name="updateProduct" desc="(Lcom/example/Entity/Product;)Lcom/example/Entity/Product;" line="64"><counter type="INSTRUCTION" missed="0" covered="5"/><counter type="LINE" missed="0" covered="1"/><counter type="COMPLEXITY" missed="0" covered="1"/><counter type="METHOD" missed="0" covered="1"/></method><counter type="INSTRUCTION" missed="0" covered="37"/><counter type="LINE" missed="0" covered="8"/><counter type="COMPLEXITY" missed="0" covered="8"/><counter type="METHOD" missed="0" covered="8"/><counter type="CLASS" missed="0" covered="1"/></class><sourcefile name="ProductController.java"><line nr="20" mi="0" ci="3" mb="0" cb="0"/><line nr="28" mi="0" ci="5" mb="0" cb="0"/><line nr="34" mi="0" ci="5" mb="0" cb="0"/><line nr="40" mi="0" ci="5" mb="0" cb="0"/><line nr="46" mi="0" ci="5" mb="0" cb="0"/><line nr="52" mi="0" ci="4" mb="0" cb="0"/><line nr="58" mi="0" ci="5" mb="0" cb="0"/><line nr="64" mi="0" ci="5" mb="0" cb="0"/><counter type="INSTRUCTION" missed="0" covered="37"/><counter type="LINE" missed="0" covered="8"/><counter type="COMPLEXITY" missed="0" covered="8"/><counter type="METHOD" missed="0" covered="8"/><counter type="CLASS" missed="0" covered="1"/></sourcefile><counter type="INSTRUCTION" missed="0" covered="37"/><counter type="LINE" missed="0" covered="8"/><counter type="COMPLEXITY" missed="0" covered="8"/><counter type="METHOD" missed="0" covered="8"/><counter type="CLASS" missed="0" covered="1"/></package><package name="com/example/Repository"><class name="com/example/Repository/ProductRepo" sourcefilename="ProductRepo.java"/><sourcefile name="ProductRepo.java"/></package><package name="com/example/Entity"><class name="com/example/Entity/Product" sourcefilename="Product.java"><method name="getId" desc="()I" line="22"><counter type="INSTRUCTION" missed="0" covered="3"/><counter type="LINE" missed="0" covered="1"/><counter type="COMPLEXITY" missed="0" covered="1"/><counter type="METHOD" missed="0" covered="1"/></method><method name="getName" desc="()Ljava/lang/String;" line="25"><counter type="INSTRUCTION" missed="0" covered="3"/><counter type="LINE" missed="0" covered="1"/><counter type="COMPLEXITY" missed="0" covered="1"/><counter type="METHOD" missed="0" covered="1"/></method><method name="getQuantity" desc="()I" line="28"><counter type="INSTRUCTION" missed="0" covered="3"/><counter type="LINE" missed="0" covered="1"/><counter type="COMPLEXITY" missed="0" covered="1"/><counter type="METHOD" missed="0" covered="1"/></method><method name="getPrice" desc="()I" line="31"><counter type="INSTRUCTION" missed="0" covered="3"/><counter type="LINE" missed="0" covered="1"/><counter type="COMPLEXITY" missed="0" covered="1"/><counter type="METHOD" missed="0" covered="1"/></method><method name="setId" desc="(I)V" line="14"><counter type="INSTRUCTION" missed="0" covered="4"/><counter type="LINE" missed="0" covered="1"/><counter type="COMPLEXITY" missed="0" covered="1"/><counter type="METHOD" missed="0" covered="1"/></method><method name="setName" desc="(Ljava/lang/String;)V" line="14"><counter type="INSTRUCTION" missed="0" covered="4"/><counter type="LINE" missed="0" covered="1"/><counter type="COMPLEXITY" missed="0" covered="1"/><counter type="METHOD" missed="0" covered="1"/></method><method name="setQuantity" desc="(I)V" line="14"><counter type="INSTRUCTION" missed="0" covered="4"/><counter type="LINE" missed="0" covered="1"/><counter type="COMPLEXITY" missed="0" covered="1"/><counter type="METHOD" missed="0" covered="1"/></method><method name="setPrice" desc="(I)V" line="14"><counter type="INSTRUCTION" missed="0" covered="4"/><counter type="LINE" missed="0" covered="1"/><counter type="COMPLEXITY" missed="0" covered="1"/><counter type="METHOD" missed="0" covered="1"/></method><method name="equals" desc="(Ljava/lang/Object;)Z" line="14"><counter type="INSTRUCTION" missed="15" covered="44"/><counter type="BRANCH" missed="9" covered="9"/><counter type="LINE" missed="0" covered="1"/><counter type="COMPLEXITY" missed="8" covered="2"/><counter type="METHOD" missed="0" covered="1"/></method><method name="canEqual" desc="(Ljava/lang/Object;)Z" line="14"><counter type="INSTRUCTION" missed="0" covered="3"/><counter type="LINE" missed="0" covered="1"/><counter type="COMPLEXITY" missed="0" covered="1"/><counter type="METHOD" missed="0" covered="1"/></method><method name="hashCode" desc="()I" line="14"><counter type="INSTRUCTION" missed="41" covered="0"/><counter type="BRANCH" missed="2" covered="0"/><counter type="LINE" missed="1" covered="0"/><counter type="COMPLEXITY" missed="2" covered="0"/><counter type="METHOD" missed="1" covered="0"/></method><method name="toString" desc="()Ljava/lang/String;" line="14"><counter type="INSTRUCTION" missed="27" covered="0"/><counter type="LINE" missed="1" covered="0"/><counter type="COMPLEXITY" missed="1" covered="0"/><counter type="METHOD" missed="1" covered="0"/></method><method name="&lt;init&gt;" desc="()V" line="15"><counter type="INSTRUCTION" missed="0" covered="3"/><counter type="LINE" missed="0" covered="1"/><counter type="COMPLEXITY" missed="0" covered="1"/><counter type="METHOD" missed="0" covered="1"/></method><method name="&lt;init&gt;" desc="(ILjava/lang/String;II)V" line="16"><counter type="INSTRUCTION" missed="0" covered="15"/><counter type="LINE" missed="0" covered="1"/><counter type="COMPLEXITY" missed="0" covered="1"/><counter type="METHOD" missed="0" covered="1"/></method><counter type="INSTRUCTION" missed="83" covered="93"/><counter type="BRANCH" missed="11" covered="9"/><counter type="LINE" missed="0" covered="7"/><counter type="COMPLEXITY" missed="11" covered="13"/><counter type="METHOD" missed="2" covered="12"/><counter type="CLASS" missed="0" covered="1"/></class><sourcefile name="Product.java"><line nr="14" mi="83" ci="63" mb="11" cb="9"/><line nr="15" mi="0" ci="3" mb="0" cb="0"/><line nr="16" mi="0" ci="15" mb="0" cb="0"/><line nr="22" mi="0" ci="3" mb="0" cb="0"/><line nr="25" mi="0" ci="3" mb="0" cb="0"/><line nr="28" mi="0" ci="3" mb="0" cb="0"/><line nr="31" mi="0" ci="3" mb="0" cb="0"/><counter type="INSTRUCTION" missed="83" covered="93"/><counter type="BRANCH" missed="11" covered="9"/><counter type="LINE" missed="0" covered="7"/><counter type="COMPLEXITY" missed="11" covered="13"/><counter type="METHOD" missed="2" covered="12"/><counter type="CLASS" missed="0" covered="1"/></sourcefile><counter type="INSTRUCTION" missed="83" covered="93"/><counter type="BRANCH" missed="11" covered="9"/><counter type="LINE" missed="0" covered="7"/><counter type="COMPLEXITY" missed="11" covered="13"/><counter type="METHOD" missed="2" covered="12"/><counter type="CLASS" missed="0" covered="1"/></package><package name="com/example/Service"><class name="com/example/Service/ProductService" sourcefilename="ProductService.java"><method name="&lt;init&gt;" desc="()V" line="12"><counter type="INSTRUCTION" missed="0" covered="3"/><counter type="LINE" missed="0" covered="1"/><counter type="COMPLEXITY" missed="0" covered="1"/><counter type="METHOD" missed="0" covered="1"/></method><method name="create" desc="(Lcom/example/Entity/Product;)Lcom/example/Entity/Product;" line="18"><counter type="INSTRUCTION" missed="0" covered="8"/><counter type="LINE" missed="0" covered="2"/><counter type="COMPLEXITY" missed="0" covered="1"/><counter type="METHOD" missed="0" covered="1"/></method><method name="createproducts" desc="(Ljava/util/List;)Ljava/util/List;" line="24"><counter type="INSTRUCTION" missed="7" covered="0"/><counter type="LINE" missed="2" covered="0"/><counter type="COMPLEXITY" missed="1" covered="0"/><counter type="METHOD" missed="1" covered="0"/></method><method name="getProducts" desc="()Ljava/util/List;" line="31"><counter type="INSTRUCTION" missed="0" covered="6"/><counter type="LINE" missed="0" covered="2"/><counter type="COMPLEXITY" missed="0" covered="1"/><counter type="METHOD" missed="0" covered="1"/></method><method name="getProductByid" desc="(I)Lcom/example/Entity/Product;" line="37"><counter type="INSTRUCTION" missed="0" covered="11"/><counter type="LINE" missed="0" covered="2"/><counter type="COMPLEXITY" missed="0" covered="1"/><counter type="METHOD" missed="0" covered="1"/></method><method name="getProductByName" desc="(Ljava/lang/String;)Lcom/example/Entity/Product;" line="42"><counter type="INSTRUCTION" missed="0" covered="7"/><counter type="LINE" missed="0" covered="2"/><counter type="COMPLEXITY" missed="0" covered="1"/><counter type="METHOD" missed="0" covered="1"/></method><method name="deleteProduct" desc="(I)Ljava/lang/String;" line="48"><counter type="INSTRUCTION" missed="0" covered="16"/><counter type="LINE" missed="0" covered="2"/><counter type="COMPLEXITY" missed="0" covered="1"/><counter type="METHOD" missed="0" covered="1"/></method><method name="updateProduct" desc="(Lcom/example/Entity/Product;)Lcom/example/Entity/Product;" line="54"><counter type="INSTRUCTION" missed="0" covered="30"/><counter type="LINE" missed="0" covered="6"/><counter type="COMPLEXITY" missed="0" covered="1"/><counter type="METHOD" missed="0" covered="1"/></method><counter type="INSTRUCTION" missed="7" covered="81"/><counter type="LINE" missed="2" covered="17"/><counter type="COMPLEXITY" missed="1" covered="7"/><counter type="METHOD" missed="1" covered="7"/><counter type="CLASS" missed="0" covered="1"/></class><sourcefile name="ProductService.java"><line nr="12" mi="0" ci="3" mb="0" cb="0"/><line nr="18" mi="0" ci="6" mb="0" cb="0"/><line nr="19" mi="0" ci="2" mb="0" cb="0"/><line nr="24" mi="5" ci="0" mb="0" cb="0"/><line nr="25" mi="2" ci="0" mb="0" cb="0"/><line nr="31" mi="0" ci="4" mb="0" cb="0"/><line nr="33" mi="0" ci="2" mb="0" cb="0"/><line nr="37" mi="0" ci="9" mb="0" cb="0"/><line nr="38" mi="0" ci="2" mb="0" cb="0"/><line nr="42" mi="0" ci="5" mb="0" cb="0"/><line nr="43" mi="0" ci="2" mb="0" cb="0"/><line nr="48" mi="0" ci="5" mb="0" cb="0"/><line nr="49" mi="0" ci="11" mb="0" cb="0"/><line nr="54" mi="0" ci="10" mb="0" cb="0"/><line nr="55" mi="0" ci="4" mb="0" cb="0"/><line nr="56" mi="0" ci="4" mb="0" cb="0"/><line nr="57" mi="0" ci="4" mb="0" cb="0"/><line nr="58" mi="0" ci="6" mb="0" cb="0"/><line nr="59" mi="0" ci="2" mb="0" cb="0"/><counter type="INSTRUCTION" missed="7" covered="81"/><counter type="LINE" missed="2" covered="17"/><counter type="COMPLEXITY" missed="1" covered="7"/><counter type="METHOD" missed="1" covered="7"/><counter type="CLASS" missed="0" covered="1"/></sourcefile><counter type="INSTRUCTION" missed="7" covered="81"/><counter type="LINE" missed="2" covered="17"/><counter type="COMPLEXITY" missed="1" covered="7"/><counter type="METHOD" missed="1" covered="7"/><counter type="CLASS" missed="0" covered="1"/></package><counter type="INSTRUCTION" missed="104" covered="242"/><counter type="BRANCH" missed="11" covered="9"/><counter type="LINE" missed="5" covered="38"/><counter type="COMPLEXITY" missed="14" covered="32"/><counter type="METHOD" missed="5" covered="31"/><counter type="CLASS" missed="0" covered="5"/></report>